-------------------------------------------------------------------------------
Test set: com.keyholesoftware.demo.archunit.persistence.DatasourceConfigTest
-------------------------------------------------------------------------------
Tests run: 1, Failures: 1, Errors: 0, Skipped: 0, Time elapsed: 0 s <<< FAILURE! - in com.keyholesoftware.demo.archunit.persistence.DatasourceConfigTest
test(com.keyholesoftware.demo.archunit.persistence.DatasourceConfigTest)  Time elapsed: 0 s  <<< FAILURE!
java.lang.AssertionError: Not yet implemented
	at com.keyholesoftware.demo.archunit.persistence.DatasourceConfigTest.test(DatasourceConfigTest.java:12)

