-------------------------------------------------------------------------------
Test set: com.keyholesoftware.archunit.demo.domain.StyleTest
-------------------------------------------------------------------------------
Tests run: 1, Failures: 1, Errors: 0, Skipped: 0, Time elapsed: 0 s <<< FAILURE! - in com.keyholesoftware.archunit.demo.domain.StyleTest
test(com.keyholesoftware.archunit.demo.domain.StyleTest)  Time elapsed: 0 s  <<< FAILURE!
java.lang.AssertionError: Not yet implemented
	at com.keyholesoftware.archunit.demo.domain.StyleTest.test(StyleTest.java:12)

