-------------------------------------------------------------------------------
Test set: com.keyholesoftware.demo.archunit.controller.ControllerTest
-------------------------------------------------------------------------------
Tests run: 1, Failures: 1, Errors: 0, Skipped: 0, Time elapsed: 0 s <<< FAILURE! - in com.keyholesoftware.demo.archunit.controller.ControllerTest
test(com.keyholesoftware.demo.archunit.controller.ControllerTest)  Time elapsed: 0 s  <<< FAILURE!
java.lang.AssertionError: Not yet implemented
	at com.keyholesoftware.demo.archunit.controller.ControllerTest.test(ControllerTest.java:12)

