-------------------------------------------------------------------------------
Test set: com.keyholesoftware.demo.archunit.repository.RepositoryTest
-------------------------------------------------------------------------------
Tests run: 1, Failures: 1, Errors: 0, Skipped: 0, Time elapsed: 0 s <<< FAILURE! - in com.keyholesoftware.demo.archunit.repository.RepositoryTest
test(com.keyholesoftware.demo.archunit.repository.RepositoryTest)  Time elapsed: 0 s  <<< FAILURE!
java.lang.AssertionError: Not yet implemented
	at com.keyholesoftware.demo.archunit.repository.RepositoryTest.test(RepositoryTest.java:12)

