-------------------------------------------------------------------------------
Test set: com.keyholesoftware.demo.archunit.config.SpringRootConfigTest
-------------------------------------------------------------------------------
Tests run: 1, Failures: 1, Errors: 0, Skipped: 0, Time elapsed: 0.088 s <<< FAILURE! - in com.keyholesoftware.demo.archunit.config.SpringRootConfigTest
test(com.keyholesoftware.demo.archunit.config.SpringRootConfigTest)  Time elapsed: 0.01 s  <<< FAILURE!
java.lang.AssertionError: Not yet implemented
	at com.keyholesoftware.demo.archunit.config.SpringRootConfigTest.test(SpringRootConfigTest.java:12)

